<?xml version="1.0" encoding="UTF-8"?>
<Site BuildName="Linux-g++"
	BuildStamp="20251223-1226-Experimental"
	Name="li-MS-A1"
	Generator="ctest-3.22.1"
	CompilerName="/usr/bin/g++"
	CompilerVersion="11.4.0"
	OSName="Linux"
	Hostname="li-MS-A1"
	OSRelease="6.8.0-90-generic"
	OSVersion="#91~22.04.1-Ubuntu SMP PREEMPT_DYNAMIC Thu Nov 20 15:20:45 UTC 2"
	OSPlatform="x86_64"
	Is64Bits="1"
	VendorString="AuthenticAMD"
	VendorID="Advanced Micro Devices"
	FamilyID="26"
	ModelID="68"
	ProcessorCacheSize="1024"
	NumberOfLogicalCPU="32"
	NumberOfPhysicalCPU="16"
	TotalVirtualMemory="187499"
	TotalPhysicalMemory="94143"
	LogicalProcessorsPerPhysical="2"
	ProcessorClockFrequency="5493.32"
	>
	<Testing>
		<StartDateTime>Dec 23 20:26 CST</StartDateTime>
		<StartTestTime>1766492780</StartTestTime>
		<TestList/>
		<EndDateTime>Dec 23 20:26 CST</EndDateTime>
		<EndTestTime>1766492780</EndTestTime>
		<ElapsedMinutes>0</ElapsedMinutes>
	</Testing>
</Site>
